<?xml version="1.0" encoding="UTF-8"?>
<!-- Generated by org.testng.reporters.JUnitXMLReporter -->
<testsuite ignored="2" hostname="LAPTOP-I8603V2Q" failures="0" tests="1" name="Tests" time="0.155" errors="0" timestamp="2022-08-20T13:33:51 SGT">
  <testcase classname="Tests.AddTasks" name="test" time="0.069"/>
  <testcase classname="Tests.BaseClassToDoMVC" name="@BeforeSuite setUp" time="0.0">
    <ignored/>
  </testcase> <!-- @BeforeSuite setUp -->
  <testcase classname="Tests.BaseClassToDoMVC" name="@AfterSuite tearDown" time="0.0">
    <ignored/>
  </testcase> <!-- @AfterSuite tearDown -->
</testsuite> <!-- Tests -->
